\BOOKMARK [1][-]{section.1}{\376\377\000\332\000v\000o\000d}{}% 1
\BOOKMARK [1][-]{section.2}{\376\377\000H\000a\000r\000d\000w\000a\000r\000e}{}% 2
\BOOKMARK [2][-]{subsection.2.1}{\376\377\000D\000H\000T\0001\0001}{section.2}% 3
\BOOKMARK [2][-]{subsection.2.2}{\376\377\000S\000e\000n\000z\000o\000r\000\040\000v\000l\000h\000k\000o\000s\000t\000i\000\040\000p\001\157\000d\000y}{section.2}% 4
\BOOKMARK [2][-]{subsection.2.3}{\376\377\000M\000C\000P\0003\0000\0000\0008}{section.2}% 5
\BOOKMARK [2][-]{subsection.2.4}{\376\377\000H\000C\000-\000S\000R\0000\0004}{section.2}% 6
\BOOKMARK [2][-]{subsection.2.5}{\376\377\001\014\000e\000r\000p\000a\000d\000l\000o}{section.2}% 7
\BOOKMARK [2][-]{subsection.2.6}{\376\377\0002\000N\0002\0002\0002\0002}{section.2}% 8
\BOOKMARK [1][-]{section.3}{\376\377\000O\000b\000v\000o\000d}{}% 9
\BOOKMARK [1][-]{section.4}{\376\377\000H\000l\000a\000v\000n\000\355\000\040\000p\000r\000o\000g\000r\000a\000m}{}% 10
\BOOKMARK [2][-]{subsection.4.1}{\376\377\000P\000o\000s\000t\000u\000p\000\040\000p\000r\000\341\000c\000e}{section.4}% 11
\BOOKMARK [2][-]{subsection.4.2}{\376\377\000F\000\341\000z\000e\000\040\000p\000r\000o\000g\000r\000a\000m\000u}{section.4}% 12
\BOOKMARK [3][-]{subsubsection.4.2.1}{\376\377\000M\001\033\001\131\000e\000n\000\355}{subsection.4.2}% 13
\BOOKMARK [3][-]{subsubsection.4.2.2}{\376\377\000P\000e\000r\000i\000o\000d\000i\000c\000k\000\351\000\040\000u\000k\000l\000\341\000d\000\341\000n\000\355\000\040\000d\000a\000t}{subsection.4.2}% 14
\BOOKMARK [3][-]{subsubsection.4.2.3}{\376\377\000C\000o\000n\000t\000r\000o\000l\000l\000e\000r}{subsection.4.2}% 15
\BOOKMARK [3][-]{subsubsection.4.2.4}{\376\377\000I\000n\000i\000c\000i\000a\000l\000i\000z\000a\000c\000e}{subsection.4.2}% 16
\BOOKMARK [3][-]{subsubsection.4.2.5}{\376\377\000Z\000a\000v\000l\000a\001\176\000o\000v\000\341\000n\000\355}{subsection.4.2}% 17
\BOOKMARK [3][-]{subsubsection.4.2.6}{\376\377\000K\000o\000n\000t\000r\000o\000l\000a}{subsection.4.2}% 18
\BOOKMARK [2][-]{subsection.4.3}{\376\377\000U\000k\000l\000\341\000d\000\341\000n\000\355\000\040\000d\000a\000t}{section.4}% 19
\BOOKMARK [1][-]{section.5}{\376\377\000W\000U\000I}{}% 20
\BOOKMARK [1][-]{section.6}{\376\377\000D\000a\000t\000a\000b\000\341\000z\000e}{}% 21
\BOOKMARK [1][-]{section.7}{\376\377\000W\000e\000b\000o\000v\000\375\000\040\000s\000e\000r\000v\000e\000r}{}% 22
\BOOKMARK [1][-]{section.8}{\376\377\000N\000a\000\040\001\015\000e\000m\000\040\000j\000e\001\141\000t\001\033\000\040\000p\000r\000a\000c\000u\000j\000e\000m\000e}{}% 23
\BOOKMARK [1][-]{section.9}{\376\377\000Z\000\341\000v\001\033\000r}{}% 24
\BOOKMARK [1][-]{section.10}{\376\377\000S\000e\000z\000n\000a\000m\000\040\000z\000k\000r\000a\000t\000e\000k\000\040\000a\000\040\000p\000o\000j\000m\001\157}{}% 25
\BOOKMARK [1][-]{section.11}{\376\377\000P\000o\000u\001\176\000i\000t\000\351\000\040\000n\000\341\000s\000t\000r\000o\000j\000e}{}% 26
\BOOKMARK [1][-]{section.12}{\376\377\000P\000o\000u\001\176\000i\000t\000\351\000\040\000z\000d\000r\000o\000j\000e}{}% 27
\BOOKMARK [1][-]{section.13}{\376\377\000S\000e\000z\000n\000a\000m\000\040\000o\000b\000r\000\341\000z\000k\001\157}{}% 28
\BOOKMARK [1][-]{section.14}{\376\377\000S\000e\000z\000n\000a\000m\000\040\000p\001\131\000\355\000l\000o\000h}{}% 29
