\BOOKMARK [1][-]{section.1}{\376\377\000\332\000v\000o\000d}{}% 1
\BOOKMARK [1][-]{section.2}{\376\377\000S\000e\000z\000n\000a\000m\000\040\000z\000k\000r\000a\000t\000e\000k\000\040\000a\000\040\000p\000o\000j\000m\001\157}{}% 2
\BOOKMARK [1][-]{section.3}{\376\377\000H\000a\000r\000d\000w\000a\000r\000e}{}% 3
\BOOKMARK [2][-]{subsection.3.1}{\376\377\000S\000e\000n\000z\000o\000r\000y}{section.3}% 4
\BOOKMARK [3][-]{subsubsection.3.1.1}{\376\377\000S\000e\000n\000z\000o\000r\000\040\000t\000e\000p\000l\000o\000t\000y\000\040\000a\000\040\000v\000l\000h\000k\000o\000s\000t\000i\000\040\000v\000z\000d\000u\000c\000h\000u\000\040\000D\000H\000T\0001\0001}{subsection.3.1}% 5
\BOOKMARK [3][-]{subsubsection.3.1.2}{\376\377\000S\000e\000n\000z\000o\000r\000\040\000v\000l\000h\000k\000o\000s\000t\000i\000\040\000p\001\157\000d\000y}{subsection.3.1}% 6
\BOOKMARK [3][-]{subsubsection.3.1.3}{\376\377\000A\000n\000a\000l\000o\000g\000o\000v\001\033\000\040\000d\000i\000g\000i\000t\000\341\000l\000n\000\355\000\040\000p\001\131\000e\000v\000o\000d\000n\000\355\000k\000\040\000M\000C\000P\0003\0000\0000\0008}{subsection.3.1}% 7
\BOOKMARK [3][-]{subsubsection.3.1.4}{\376\377\000U\000l\000t\000r\000a\000s\000o\000n\000i\000c\000k\000\375\000\040\000s\000e\000n\000z\000o\000r\000\040\000H\000C\000-\000S\000R\0000\0004}{subsection.3.1}% 8
\BOOKMARK [3][-]{subsubsection.3.1.5}{\376\377\001\014\000e\000r\000p\000a\000d\000l\000o}{subsection.3.1}% 9
\BOOKMARK [3][-]{subsubsection.3.1.6}{\376\377\000T\000r\000a\000n\000z\000i\000s\000t\000o\000r\000\040\0002\000N\0002\0002\0002\0002}{subsection.3.1}% 10
\BOOKMARK [2][-]{subsection.3.2}{\376\377\000A\000r\000c\000h\000i\000t\000e\000k\000t\000u\000r\000a\000\040\000A\000R\000M}{section.3}% 11
\BOOKMARK [1][-]{section.4}{\376\377\000N\000\341\000v\000r\000h\000\040\000o\000b\000v\000o\000d\000u\000\040\000a\000\040\000p\000l\000o\001\141\000n\000\351\000h\000o\000\040\000s\000p\000o\000j\000e}{}% 12
\BOOKMARK [2][-]{subsection.4.1}{\376\377\000T\000e\000s\000t\000o\000v\000a\000c\000\355\000\040\000v\000e\000r\000z\000e}{section.4}% 13
\BOOKMARK [2][-]{subsection.4.2}{\376\377\000F\000i\000n\000\341\000l\000n\000\355\000\040\000v\000e\000r\000z\000e}{section.4}% 14
\BOOKMARK [1][-]{section.5}{\376\377\000F\000y\000z\000i\000c\000k\000\341\000\040\000r\000e\000a\000l\000i\000z\000a\000c\000e}{}% 15
\BOOKMARK [2][-]{subsection.5.1}{\376\377\000P\000o\000u\000z\000d\000r\000o}{section.5}% 16
\BOOKMARK [2][-]{subsection.5.2}{\376\377\000H\000u\000b}{section.5}% 17
\BOOKMARK [2][-]{subsection.5.3}{\376\377\000N\000\341\000d\000r\001\176}{section.5}% 18
\BOOKMARK [2][-]{subsection.5.4}{\376\377\000C\000e\000l\000\375\000\040\000s\000y\000s\000t\000\351\000m}{section.5}% 19
\BOOKMARK [1][-]{section.6}{\376\377\000H\000l\000a\000v\000n\000\355\000\040\000p\000r\000o\000g\000r\000a\000m}{}% 20
\BOOKMARK [2][-]{subsection.6.1}{\376\377\000P\000o\000s\000t\000u\000p\000\040\000p\000r\000\341\000c\000e}{section.6}% 21
\BOOKMARK [2][-]{subsection.6.2}{\376\377\000F\000\341\000z\000e\000\040\000p\000r\000o\000g\000r\000a\000m\000u}{section.6}% 22
\BOOKMARK [3][-]{subsubsection.6.2.1}{\376\377\000M\001\033\001\131\000e\000n\000\355}{subsection.6.2}% 23
\BOOKMARK [3][-]{subsubsection.6.2.2}{\376\377\000P\000e\000r\000i\000o\000d\000i\000c\000k\000\351\000\040\000u\000k\000l\000\341\000d\000\341\000n\000\355\000\040\000d\000a\000t}{subsection.6.2}% 24
\BOOKMARK [3][-]{subsubsection.6.2.3}{\376\377\000C\000o\000n\000t\000r\000o\000l\000l\000e\000r}{subsection.6.2}% 25
\BOOKMARK [3][-]{subsubsection.6.2.4}{\376\377\000I\000n\000i\000c\000i\000a\000l\000i\000z\000a\000c\000e}{subsection.6.2}% 26
\BOOKMARK [3][-]{subsubsection.6.2.5}{\376\377\000Z\000a\000v\000l\000a\001\176\000o\000v\000\341\000n\000\355}{subsection.6.2}% 27
\BOOKMARK [3][-]{subsubsection.6.2.6}{\376\377\000K\000o\000n\000t\000r\000o\000l\000a}{subsection.6.2}% 28
\BOOKMARK [3][-]{subsubsection.6.2.7}{\376\377\000U\000k\000l\000\341\000d\000\341\000n\000\355\000\040\000d\000a\000t}{subsection.6.2}% 29
\BOOKMARK [2][-]{subsection.6.3}{\376\377\000P\000r\000o\000g\000r\000a\000m\000o\000v\000a\000c\000\355\000\040\000j\000a\000z\000y\000k\000\040\000G\000o}{section.6}% 30
\BOOKMARK [3][-]{subsubsection.6.3.1}{\376\377\000P\000a\000r\000a\000l\000e\000l\000n\000\355\000\040\000p\000r\000o\000g\000r\000a\000m\000o\000v\000\341\000n\000\355\000\040\000v\000\040\000G\000o}{subsection.6.3}% 31
\BOOKMARK [3][-]{subsubsection.6.3.2}{\376\377\000T\000y\000p\000o\000v\000\375\000\040\000s\000y\000s\000t\000\351\000m}{subsection.6.3}% 32
\BOOKMARK [1][-]{section.7}{\376\377\000W\000U\000I}{}% 33
\BOOKMARK [2][-]{subsection.7.1}{\376\377\000P\000r\000o\000g\000r\000a\000m\000o\000v\000\341\000n\000\355\000\040\000W\000U\000I}{section.7}% 34
\BOOKMARK [2][-]{subsection.7.2}{\376\377\000I\000n\000i\000c\000i\000a\000l\000i\000z\000a\001\015\000n\000\355\000\040\000f\000o\000r\000m\000u\000l\000\341\001\131}{section.7}% 35
\BOOKMARK [2][-]{subsection.7.3}{\376\377\000D\000a\000s\000h\000b\000o\000a\000r\000d}{section.7}% 36
\BOOKMARK [2][-]{subsection.7.4}{\376\377\000M\000a\000n\000u\000\341\000l\000n\000\355\000\040\000o\000v\000l\000\341\000d\000\341\000n\000\355}{section.7}% 37
\BOOKMARK [2][-]{subsection.7.5}{\376\377\000N\000a\000s\000t\000a\000v\000e\000n\000\355}{section.7}% 38
\BOOKMARK [2][-]{subsection.7.6}{\376\377\000R\000e\000s\000t\000a\000r\000t\000\040\000H\000W}{section.7}% 39
\BOOKMARK [2][-]{subsection.7.7}{\376\377\000N\000o\000t\000i\000f\000i\000k\000a\000c\000e}{section.7}% 40
\BOOKMARK [1][-]{section.8}{\376\377\000D\000a\000t\000a\000b\000\341\000z\000e}{}% 41
\BOOKMARK [2][-]{subsection.8.1}{\376\377\000S\000Q\000L}{section.8}% 42
\BOOKMARK [2][-]{subsection.8.2}{\376\377\000G\000r\000a\000p\000h\000Q\000L}{section.8}% 43
\BOOKMARK [2][-]{subsection.8.3}{\376\377\000S\000c\000h\000\351\000m\000a\000\040\000d\000a\000t\000a\000b\000\341\000z\000e}{section.8}% 44
\BOOKMARK [1][-]{section.9}{\376\377\000W\000e\000b\000o\000v\000\375\000\040\000s\000e\000r\000v\000e\000r}{}% 45
\BOOKMARK [1][-]{section.10}{\376\377\000D\000o\000c\000k\000e\000r\000\040\000a\000\040\000k\000o\000n\000t\000e\000j\000n\000e\000r\000i\000z\000a\000c\000e}{}% 46
\BOOKMARK [1][-]{section.11}{\376\377\000B\000e\000z\000p\000e\001\015\000n\000o\000s\000t}{}% 47
\BOOKMARK [1][-]{section.12}{\376\377\000Z\000\341\000v\001\033\000r}{}% 48
\BOOKMARK [1][-]{section.13}{\376\377\000P\000o\000u\001\176\000i\000t\000\341\000\040\000l\000i\000t\000e\000r\000a\000t\000u\000r\000a\000\040\000d\000a\000l\001\141\000\355\000\040\000z\000d\000r\000o\000j\000e\000\040}{}% 49
\BOOKMARK [1][-]{section.14}{\376\377\000S\000e\000z\000n\000a\000m\000\040\000p\001\131\000\355\000l\000o\000h}{}% 50
