\BOOKMARK [1][-]{section.1}{\376\377\000\332\000v\000o\000d}{}% 1
\BOOKMARK [1][-]{section.2}{\376\377\000S\000e\000z\000n\000a\000m\000\040\000z\000k\000r\000a\000t\000e\000k\000\040\000a\000\040\000p\000o\000j\000m\001\157}{}% 2
\BOOKMARK [1][-]{section.3}{\376\377\000H\000l\000a\000v\000n\000\355\000\040\000p\000r\000o\000g\000r\000a\000m}{}% 3
\BOOKMARK [2][-]{subsection.3.1}{\376\377\000P\000o\000s\000t\000u\000p\000\040\000p\000r\000\341\000c\000e}{section.3}% 4
\BOOKMARK [2][-]{subsection.3.2}{\376\377\000F\000\341\000z\000e\000\040\000p\000r\000o\000g\000r\000a\000m\000u}{section.3}% 5
\BOOKMARK [3][-]{subsubsection.3.2.1}{\376\377\000M\001\033\001\131\000e\000n\000\355}{subsection.3.2}% 6
\BOOKMARK [3][-]{subsubsection.3.2.2}{\376\377\000P\000e\000r\000i\000o\000d\000i\000c\000k\000\351\000\040\000u\000k\000l\000\341\000d\000\341\000n\000\355\000\040\000d\000a\000t}{subsection.3.2}% 7
\BOOKMARK [3][-]{subsubsection.3.2.3}{\376\377\000C\000o\000n\000t\000r\000o\000l\000l\000e\000r}{subsection.3.2}% 8
\BOOKMARK [3][-]{subsubsection.3.2.4}{\376\377\000I\000n\000i\000c\000i\000a\000l\000i\000z\000a\000c\000e}{subsection.3.2}% 9
\BOOKMARK [3][-]{subsubsection.3.2.5}{\376\377\000Z\000a\000v\000l\000a\001\176\000o\000v\000\341\000n\000\355}{subsection.3.2}% 10
\BOOKMARK [3][-]{subsubsection.3.2.6}{\376\377\000K\000o\000n\000t\000r\000o\000l\000a}{subsection.3.2}% 11
\BOOKMARK [3][-]{subsubsection.3.2.7}{\376\377\000U\000k\000l\000\341\000d\000\341\000n\000\355\000\040\000d\000a\000t}{subsection.3.2}% 12
\BOOKMARK [1][-]{section.4}{\376\377\000W\000U\000I}{}% 13
\BOOKMARK [1][-]{section.5}{\376\377\000D\000a\000t\000a\000b\000\341\000z\000e}{}% 14
\BOOKMARK [1][-]{section.6}{\376\377\000W\000e\000b\000o\000v\000\375\000\040\000s\000e\000r\000v\000e\000r}{}% 15
\BOOKMARK [2][-]{subsection.6.1}{\376\377\000G\000o}{section.6}% 16
\BOOKMARK [3][-]{subsubsection.6.1.1}{\376\377\000P\000a\000r\000a\000l\000e\000l\000n\000\355\000\040\000p\000r\000o\000g\000r\000a\000m\000o\000v\000\341\000n\000\355\000\040\000v\000\040\000G\000o}{subsection.6.1}% 17
\BOOKMARK [3][-]{subsubsection.6.1.2}{\376\377\000T\000y\000p\000o\000v\000\375\000\040\000s\000y\000s\000t\000\351\000m}{subsection.6.1}% 18
\BOOKMARK [1][-]{section.7}{\376\377\000Z\000\341\000v\001\033\000r}{}% 19
\BOOKMARK [1][-]{section.8}{\376\377\000P\000o\000u\001\176\000i\000t\000\351\000\040\000z\000d\000r\000o\000j\000e}{}% 20
\BOOKMARK [1][-]{section.9}{\376\377\000S\000e\000z\000n\000a\000m\000\040\000p\001\131\000\355\000l\000o\000h}{}% 21
